Traceback (most recent call last):
  File "/home/tom/miniforge3/envs/gen_simpy/lib/python3.10/site-packages/jupyter_core/utils/__init__.py", line 154, in wrapped
    asyncio.get_running_loop()
RuntimeError: no running event loop

During handling of the above exception, another exception occurred:

Traceback (most recent call last):
  File "/home/tom/miniforge3/envs/gen_simpy/lib/python3.10/site-packages/jupyter_cache/executors/utils.py", line 58, in single_nb_execution
    executenb(
  File "/home/tom/miniforge3/envs/gen_simpy/lib/python3.10/site-packages/nbclient/client.py", line 1319, in execute
    return NotebookClient(nb=nb, resources=resources, km=km, **kwargs).execute()
  File "/home/tom/miniforge3/envs/gen_simpy/lib/python3.10/site-packages/jupyter_core/utils/__init__.py", line 158, in wrapped
    return loop.run_until_complete(inner)
  File "/home/tom/miniforge3/envs/gen_simpy/lib/python3.10/asyncio/base_events.py", line 649, in run_until_complete
    return future.result()
  File "/home/tom/miniforge3/envs/gen_simpy/lib/python3.10/site-packages/nbclient/client.py", line 709, in async_execute
    await self.async_execute_cell(
  File "/home/tom/miniforge3/envs/gen_simpy/lib/python3.10/site-packages/nbclient/client.py", line 1062, in async_execute_cell
    await self._check_raise_for_error(cell, cell_index, exec_reply)
  File "/home/tom/miniforge3/envs/gen_simpy/lib/python3.10/site-packages/nbclient/client.py", line 918, in _check_raise_for_error
    raise CellExecutionError.from_cell_and_msg(cell, exec_reply_content)
nbclient.exceptions.CellExecutionError: An error occurred while executing the following cell:
------------------
def main():
    st.title("CCU Simulation")

    # Add sidebar
    st.sidebar.title("Experiment Parameters")

    # Number of critical care beds
    num_critical_care_beds = st.sidebar.slider("Number of Critical Care Beds", min_value=20, max_value=30, value=24, step=1)

    # Intensive cleaning duration
    intensive_cleaning_duration = st.sidebar.number_input("Intensive Cleaning Duration (hours)", min_value=1.0, max_value=10.0, value=5.0, step=0.1)

    # Trace
    trace = st.sidebar.checkbox("Trace", value=False)

    # Number of replications
    num_replications = st.sidebar.number_input("Number of Replications", min_value=1, max_value=10, value=5, step=1)

    # Create a button to trigger the simulation
    if st.button("Simulate"):
        # Display a spinner while the simulation is running
        with st.spinner("Please wait for results..."):
            # Create an instance of Experiment with the specified parameters
            experiment = Experiment(num_critical_care_beds=num_critical_care_beds,
                                    intensive_cleaning_duration=intensive_cleaning_duration,
                                    trace=trace,
                                    random_number_set=0)

            # Run the simulation
            results = multiple_replications(experiment, num_replications=num_replications)

            # Call the results_summary function
            summary = results_summary(results)

            # Display the results as a DataFrame
            st.subheader("Simulation Results")
            st.dataframe(summary)

if __name__ == "__main__":
    main()

------------------


[0;31m---------------------------------------------------------------------------[0m
[0;31mNameError[0m                                 Traceback (most recent call last)
Cell [0;32mIn[2], line 40[0m
[1;32m     37[0m             st[38;5;241m.[39mdataframe(summary)
[1;32m     39[0m [38;5;28;01mif[39;00m [38;5;18m__name__[39m [38;5;241m==[39m [38;5;124m"[39m[38;5;124m__main__[39m[38;5;124m"[39m:
[0;32m---> 40[0m     [43mmain[49m[43m([49m[43m)[49m

Cell [0;32mIn[2], line 2[0m, in [0;36mmain[0;34m()[0m
[1;32m      1[0m [38;5;28;01mdef[39;00m[38;5;250m [39m[38;5;21mmain[39m():
[0;32m----> 2[0m     [43mst[49m[38;5;241m.[39mtitle([38;5;124m"[39m[38;5;124mCCU Simulation[39m[38;5;124m"[39m)
[1;32m      4[0m     [38;5;66;03m# Add sidebar[39;00m
[1;32m      5[0m     st[38;5;241m.[39msidebar[38;5;241m.[39mtitle([38;5;124m"[39m[38;5;124mExperiment Parameters[39m[38;5;124m"[39m)

[0;31mNameError[0m: name 'st' is not defined

