Traceback (most recent call last):
  File "/home/tom/miniforge3/envs/gen_simpy/lib/python3.10/site-packages/jupyter_core/utils/__init__.py", line 154, in wrapped
    asyncio.get_running_loop()
RuntimeError: no running event loop

During handling of the above exception, another exception occurred:

Traceback (most recent call last):
  File "/home/tom/miniforge3/envs/gen_simpy/lib/python3.10/site-packages/jupyter_cache/executors/utils.py", line 58, in single_nb_execution
    executenb(
  File "/home/tom/miniforge3/envs/gen_simpy/lib/python3.10/site-packages/nbclient/client.py", line 1319, in execute
    return NotebookClient(nb=nb, resources=resources, km=km, **kwargs).execute()
  File "/home/tom/miniforge3/envs/gen_simpy/lib/python3.10/site-packages/jupyter_core/utils/__init__.py", line 158, in wrapped
    return loop.run_until_complete(inner)
  File "/home/tom/miniforge3/envs/gen_simpy/lib/python3.10/asyncio/base_events.py", line 649, in run_until_complete
    return future.result()
  File "/home/tom/miniforge3/envs/gen_simpy/lib/python3.10/site-packages/nbclient/client.py", line 709, in async_execute
    await self.async_execute_cell(
  File "/home/tom/miniforge3/envs/gen_simpy/lib/python3.10/site-packages/nbclient/client.py", line 1062, in async_execute_cell
    await self._check_raise_for_error(cell, cell_index, exec_reply)
  File "/home/tom/miniforge3/envs/gen_simpy/lib/python3.10/site-packages/nbclient/client.py", line 918, in _check_raise_for_error
    raise CellExecutionError.from_cell_and_msg(cell, exec_reply_content)
nbclient.exceptions.CellExecutionError: An error occurred while executing the following cell:
------------------
test_results_collection_period(10)
------------------


[0;31m---------------------------------------------------------------------------[0m
[0;31mZeroDivisionError[0m                         Traceback (most recent call last)
Cell [0;32mIn[9], line 1[0m
[0;32m----> 1[0m [43mtest_results_collection_period[49m[43m([49m[38;5;241;43m10[39;49m[43m)[49m

Cell [0;32mIn[8], line 9[0m, in [0;36mtest_results_collection_period[0;34m(new_collect_period)[0m
[1;32m      2[0m [38;5;250m[39m[38;5;124;03m'''[39;00m
[1;32m      3[0m [38;5;124;03mVary the results collection period while holding the [39;00m
[1;32m      4[0m [38;5;124;03mwarm-up period constant.[39;00m
[1;32m      5[0m 
[1;32m      6[0m [38;5;124;03mExpected result Run length should be no longer than `new_run_length`[39;00m
[1;32m      7[0m [38;5;124;03m'''[39;00m
[1;32m      8[0m experiment [38;5;241m=[39m Experiment(results_collection_period[38;5;241m=[39mnew_collect_period)
[0;32m----> 9[0m model [38;5;241m=[39m [43mrun_test[49m[43m([49m[43mexperiment[49m[43m)[49m
[1;32m     10[0m [38;5;28;01mreturn[39;00m model[38;5;241m.[39menv[38;5;241m.[39mnow

Cell [0;32mIn[3], line 5[0m, in [0;36mrun_test[0;34m(experiment)[0m
[1;32m      3[0m env [38;5;241m=[39m simpy[38;5;241m.[39mEnvironment()
[1;32m      4[0m ccu_model [38;5;241m=[39m CCUModel(env, experiment)
[0;32m----> 5[0m [43mccu_model[49m[38;5;241;43m.[39;49m[43mrun[49m[43m([49m[43m)[49m
[1;32m      6[0m [38;5;28;01mreturn[39;00m ccu_model

Cell [0;32mIn[1], line 142[0m, in [0;36mCCUModel.run[0;34m(self)[0m
[1;32m    140[0m [38;5;28mself[39m[38;5;241m.[39menv[38;5;241m.[39mrun(until[38;5;241m=[39m[38;5;28mself[39m[38;5;241m.[39mexperiment[38;5;241m.[39mresults_collection_period [38;5;241m+[39m [38;5;28mself[39m[38;5;241m.[39mexperiment[38;5;241m.[39mwarm_up_period)
[1;32m    141[0m [38;5;28;01mif[39;00m [38;5;28mself[39m[38;5;241m.[39menv[38;5;241m.[39mnow [38;5;241m>[39m [38;5;28mself[39m[38;5;241m.[39mexperiment[38;5;241m.[39mwarm_up_period:
[0;32m--> 142[0m     mean_waiting_time_unplanned [38;5;241m=[39m [38;5;28;43mself[39;49m[38;5;241;43m.[39;49m[43mexperiment[49m[38;5;241;43m.[39;49m[43mmean_waiting_time_unplanned[49m[43m [49m[38;5;241;43m/[39;49m[43m [49m[38;5;28;43mself[39;49m[38;5;241;43m.[39;49m[43mexperiment[49m[38;5;241;43m.[39;49m[43mtotal_unplanned_admissions[49m
[1;32m    143[0m     bed_utilization [38;5;241m=[39m [38;5;28mself[39m[38;5;241m.[39mexperiment[38;5;241m.[39mtotal_treatment_time [38;5;241m/[39m ([38;5;28mself[39m[38;5;241m.[39mexperiment[38;5;241m.[39mnum_critical_care_beds [38;5;241m*[39m [38;5;28mself[39m[38;5;241m.[39mexperiment[38;5;241m.[39mresults_collection_period)
[1;32m    144[0m     bed_occupancy [38;5;241m=[39m bed_utilization [38;5;241m*[39m [38;5;28mself[39m[38;5;241m.[39mexperiment[38;5;241m.[39mnum_critical_care_beds

[0;31mZeroDivisionError[0m: division by zero

